<?xml version="1.0" encoding="UTF-8"?>
<testng-results ignored="0" total="2" passed="2" failed="0" skipped="0">
  <reporter-output>
  </reporter-output>
  <suite started-at="2023-09-11T16:59:38 BST" name="Default suite" finished-at="2023-09-11T17:00:05 BST" duration-ms="27414">
    <groups>
    </groups>
    <test started-at="2023-09-11T16:59:38 BST" name="Default test" finished-at="2023-09-11T17:00:05 BST" duration-ms="27414">
      <class name="TestCases.loginTest">
        <test-method signature="verifyInvalidlogin()[pri:0, instance:TestCases.loginTest@483f6d77]" started-at="2023-09-11T16:59:38 BST" name="verifyInvalidlogin" finished-at="2023-09-11T16:59:56 BST" duration-ms="17738" status="PASS">
          <reporter-output>
          </reporter-output>
        </test-method> <!-- verifyInvalidlogin -->
        <test-method signature="verifylogin()[pri:0, instance:TestCases.loginTest@483f6d77]" started-at="2023-09-11T16:59:56 BST" name="verifylogin" finished-at="2023-09-11T17:00:05 BST" duration-ms="9594" status="PASS">
          <reporter-output>
          </reporter-output>
        </test-method> <!-- verifylogin -->
      </class> <!-- TestCases.loginTest -->
    </test> <!-- Default test -->
  </suite> <!-- Default suite -->
</testng-results>
